CanTherm execution initiated at Fri May  4 14:18:11 2018

###############################################################
#                                                             #
#                          CanTherm                           #
#                                                             #
#   Version: 2.1.0                                            #
#   Authors: RMG Developers (rmg_dev@mit.edu)                 #
#   P.I.s:   William H. Green (whgreen@mit.edu)               #
#            Richard H. West (r.west@neu.edu)                 #
#   Website: http://reactionmechanismgenerator.github.io/     #
#                                                             #
###############################################################

Loading species CCCC...
Loading species [O]O...
Loading species [CH2]CCC...
Loading species OO...
Loading transition state TS...
Loading reaction CCCC+[O]O_[CH2]CCC+OO...
CanTherm execution initiated at Fri May  4 14:18:41 2018

###############################################################
#                                                             #
#                          CanTherm                           #
#                                                             #
#   Version: 2.1.0                                            #
#   Authors: RMG Developers (rmg_dev@mit.edu)                 #
#   P.I.s:   William H. Green (whgreen@mit.edu)               #
#            Richard H. West (r.west@neu.edu)                 #
#   Website: http://reactionmechanismgenerator.github.io/     #
#                                                             #
###############################################################

Loading species CCCC...
Loading species [O]O...
Loading species [CH2]CCC...
Loading species OO...
Loading transition state TS...
Loading reaction CCCC+[O]O_[CH2]CCC+OO...
CanTherm execution initiated at Fri May  4 14:19:10 2018

###############################################################
#                                                             #
#                          CanTherm                           #
#                                                             #
#   Version: 2.1.0                                            #
#   Authors: RMG Developers (rmg_dev@mit.edu)                 #
#   P.I.s:   William H. Green (whgreen@mit.edu)               #
#            Richard H. West (r.west@neu.edu)                 #
#   Website: http://reactionmechanismgenerator.github.io/     #
#                                                             #
###############################################################

Loading species CCCC...
Loading species [O]O...
Loading species [CH2]CCC...
Loading species OO...
Loading transition state TS...
Loading reaction CCCC+[O]O_[CH2]CCC+OO...


Loading statistical mechanics parameters for CCCC...
CanTherm execution initiated at Fri May  4 14:19:26 2018

###############################################################
#                                                             #
#                          CanTherm                           #
#                                                             #
#   Version: 2.1.0                                            #
#   Authors: RMG Developers (rmg_dev@mit.edu)                 #
#   P.I.s:   William H. Green (whgreen@mit.edu)               #
#            Richard H. West (r.west@neu.edu)                 #
#   Website: http://reactionmechanismgenerator.github.io/     #
#                                                             #
###############################################################

Warning: No frequency scale factor specified in input file; assuming a value of unity.



CanTherm execution terminated at Fri May  4 14:19:26 2018
CanTherm execution initiated at Fri May  4 14:19:55 2018

###############################################################
#                                                             #
#                          CanTherm                           #
#                                                             #
#   Version: 2.1.0                                            #
#   Authors: RMG Developers (rmg_dev@mit.edu)                 #
#   P.I.s:   William H. Green (whgreen@mit.edu)               #
#            Richard H. West (r.west@neu.edu)                 #
#   Website: http://reactionmechanismgenerator.github.io/     #
#                                                             #
###############################################################

Loading species CCCC...
Loading species [O]O...
Loading species [CH2]CCC...
Loading species OO...
Loading transition state TS...
Loading reaction CCCC+[O]O_[CH2]CCC+OO...


Loading statistical mechanics parameters for CCCC...
CanTherm execution initiated at Fri May  4 14:20:05 2018

###############################################################
#                                                             #
#                          CanTherm                           #
#                                                             #
#   Version: 2.1.0                                            #
#   Authors: RMG Developers (rmg_dev@mit.edu)                 #
#   P.I.s:   William H. Green (whgreen@mit.edu)               #
#            Richard H. West (r.west@neu.edu)                 #
#   Website: http://reactionmechanismgenerator.github.io/     #
#                                                             #
###############################################################

Warning: No frequency scale factor specified in input file; assuming a value of unity.



CanTherm execution terminated at Fri May  4 14:20:05 2018
CanTherm execution initiated at Fri May  4 14:20:36 2018

###############################################################
#                                                             #
#                          CanTherm                           #
#                                                             #
#   Version: 2.1.0                                            #
#   Authors: RMG Developers (rmg_dev@mit.edu)                 #
#   P.I.s:   William H. Green (whgreen@mit.edu)               #
#            Richard H. West (r.west@neu.edu)                 #
#   Website: http://reactionmechanismgenerator.github.io/     #
#                                                             #
###############################################################

Loading species CCCC...
Loading species [O]O...
Loading species [CH2]CCC...
Loading species OO...
Loading transition state TS...
Loading reaction CCCC+[O]O_[CH2]CCC+OO...


Loading statistical mechanics parameters for CCCC...
CanTherm execution initiated at Fri May  4 14:22:28 2018

###############################################################
#                                                             #
#                          CanTherm                           #
#                                                             #
#   Version: 2.1.0                                            #
#   Authors: RMG Developers (rmg_dev@mit.edu)                 #
#   P.I.s:   William H. Green (whgreen@mit.edu)               #
#            Richard H. West (r.west@neu.edu)                 #
#   Website: http://reactionmechanismgenerator.github.io/     #
#                                                             #
###############################################################

Loading species CCCC...
Loading species [O]O...
Loading species [CH2]CCC...
Loading species OO...
Loading transition state TS...
Loading reaction CCCC+[O]O_[CH2]CCC+OO...


Loading statistical mechanics parameters for CCCC...
Warning: Should only make one instance of RMGDatabase because it's stored as a module-level variable!
Warning: Unexpected behaviour may result!
Loading thermodynamics library from primaryThermoLibrary.py in /Users/nathan/Code/RMG-Py/../RMG-database/input/thermo/libraries...
Loading thermodynamics library from thermo_DFT_CCSDTF12_BAC.py in /Users/nathan/Code/RMG-Py/../RMG-database/input/thermo/libraries...
Loading thermodynamics library from CBS_QB3_1dHR.py in /Users/nathan/Code/RMG-Py/../RMG-database/input/thermo/libraries...
Loading thermodynamics group database from /Users/nathan/Code/RMG-Py/../RMG-database/input/thermo/groups...
Loading transport group database from /Users/nathan/Code/RMG-Py/../RMG-database/input/transport/groups...
Loading the user-specified kinetics families from /Users/nathan/Code/RMG-Py/../RMG-database/input/kinetics/families
Loading frequencies group database from /Users/nathan/Code/RMG-Py/../RMG-database/input/statmech/groups...
Loading transitions state family groups from /Users/nathan/Code/RMG-Py/../AutoTST/database/H_Abstraction/TS_groups.py
The distance data is as follows: 
DistanceData(distances={'d12': 1.322228,'d13': 2.547443,'d23': 1.235329,}, uncertainties={'d12': 0.368943,'d13': 0.209844,'d23': 0.312795,}, comment=u'Matched node C/H3/Cd ([<Entry index=119 label="C/H3/Cd">, <Entry index=210 label="Csj/Ct/H2">])\nMatched node OjO ([<Entry index=126 label="C/H2/Cd/Cd">, <Entry index=32 label="OjO">])\n')
The labled atoms are [4, 9, 0].
Initially embedded molecule
Editing bounds matrix
For atoms 4 and 9 we have a distance of: 	 1.322228
For atoms 9 and 0 we have a distance of: 	 1.235329
For atoms 4 and 0 we have a distance of: 	 2.547443
Changing lower limit 3.65 to 3.31857083943
Changing lower limit 2.537443 to 2.477557
Changing lower limit 2.9 to 2.471329
Performing triangle smoothing on bounds matrix.
Now attempting to embed using edited bounds matrix.
CanTherm execution initiated at Fri May  4 14:49:53 2018

###############################################################
#                                                             #
#                          CanTherm                           #
#                                                             #
#   Version: 2.1.0                                            #
#   Authors: RMG Developers (rmg_dev@mit.edu)                 #
#   P.I.s:   William H. Green (whgreen@mit.edu)               #
#            Richard H. West (r.west@neu.edu)                 #
#   Website: http://reactionmechanismgenerator.github.io/     #
#                                                             #
###############################################################

Loading species CC=C(C)C...
Loading species [O]O...
Loading species [CH2]C=C(C)C...
Loading species OO...
Loading transition state TS...
Loading reaction CC=C(C)C+[O]O_[CH2]C=C(C)C+OO...


Loading statistical mechanics parameters for CC=C(C)C...
CanTherm execution initiated at Fri May  4 14:53:13 2018

###############################################################
#                                                             #
#                          CanTherm                           #
#                                                             #
#   Version: 2.1.0                                            #
#   Authors: RMG Developers (rmg_dev@mit.edu)                 #
#   P.I.s:   William H. Green (whgreen@mit.edu)               #
#            Richard H. West (r.west@neu.edu)                 #
#   Website: http://reactionmechanismgenerator.github.io/     #
#                                                             #
###############################################################

Loading species CC=C(C)C...
Loading species [O]O...
Loading species [CH2]C=C(C)C...
Loading species OO...
Loading transition state TS...
Loading reaction CC=C(C)C+[O]O_[CH2]C=C(C)C+OO...


Loading statistical mechanics parameters for CC=C(C)C...
Saving statistical mechanics parameters for CC=C(C)C...
Loading statistical mechanics parameters for [O]O...
Saving statistical mechanics parameters for [O]O...
Loading statistical mechanics parameters for [CH2]C=C(C)C...
Saving statistical mechanics parameters for [CH2]C=C(C)C...
Loading statistical mechanics parameters for OO...
Saving statistical mechanics parameters for OO...
Loading statistical mechanics parameters for TS...
CanTherm execution initiated at Fri May  4 14:53:40 2018

###############################################################
#                                                             #
#                          CanTherm                           #
#                                                             #
#   Version: 2.1.0                                            #
#   Authors: RMG Developers (rmg_dev@mit.edu)                 #
#   P.I.s:   William H. Green (whgreen@mit.edu)               #
#            Richard H. West (r.west@neu.edu)                 #
#   Website: http://reactionmechanismgenerator.github.io/     #
#                                                             #
###############################################################

Loading species CC=C(C)C...
Loading species [O]O...
Loading species [CH2]C=C(C)C...
Loading species OO...
Loading transition state TS...
Loading reaction CC=C(C)C+[O]O_[CH2]C=C(C)C+OO...


Loading statistical mechanics parameters for CC=C(C)C...
Saving statistical mechanics parameters for CC=C(C)C...
Loading statistical mechanics parameters for [O]O...
Saving statistical mechanics parameters for [O]O...
Loading statistical mechanics parameters for [CH2]C=C(C)C...
Saving statistical mechanics parameters for [CH2]C=C(C)C...
Loading statistical mechanics parameters for OO...
Saving statistical mechanics parameters for OO...
Loading statistical mechanics parameters for TS...
CanTherm execution initiated at Fri May  4 14:54:32 2018

###############################################################
#                                                             #
#                          CanTherm                           #
#                                                             #
#   Version: 2.1.0                                            #
#   Authors: RMG Developers (rmg_dev@mit.edu)                 #
#   P.I.s:   William H. Green (whgreen@mit.edu)               #
#            Richard H. West (r.west@neu.edu)                 #
#   Website: http://reactionmechanismgenerator.github.io/     #
#                                                             #
###############################################################

Loading species CC=C(C)C...
Loading species [O]O...
Loading species [CH2]C=C(C)C...
Loading species OO...
Loading transition state TS...
Loading reaction CC=C(C)C+[O]O_[CH2]C=C(C)C+OO...


Loading statistical mechanics parameters for CC=C(C)C...
Saving statistical mechanics parameters for CC=C(C)C...
Loading statistical mechanics parameters for [O]O...
Saving statistical mechanics parameters for [O]O...
Loading statistical mechanics parameters for [CH2]C=C(C)C...
Saving statistical mechanics parameters for [CH2]C=C(C)C...
Loading statistical mechanics parameters for OO...
Saving statistical mechanics parameters for OO...
Loading statistical mechanics parameters for TS...
Saving statistical mechanics parameters for TS...
Saving kinetics for CC=C(C)C + [O]O <=> OO + [CH2]C=C(C)C...

CanTherm execution terminated at Fri May  4 14:54:34 2018

CanTherm execution terminated at Fri May  4 14:54:55 2018
CanTherm execution initiated at Fri May  4 14:59:52 2018

###############################################################
#                                                             #
#                          CanTherm                           #
#                                                             #
#   Version: 2.1.0                                            #
#   Authors: RMG Developers (rmg_dev@mit.edu)                 #
#   P.I.s:   William H. Green (whgreen@mit.edu)               #
#            Richard H. West (r.west@neu.edu)                 #
#   Website: http://reactionmechanismgenerator.github.io/     #
#                                                             #
###############################################################

Loading species CC=C(C)C...
Loading species [O]O...
Loading species [CH2]C=C(C)C...
Loading species OO...
Loading transition state TS...
Loading reaction CC=C(C)C+[O]O_[CH2]C=C(C)C+OO...


Loading statistical mechanics parameters for CC=C(C)C...
Saving statistical mechanics parameters for CC=C(C)C...
Loading statistical mechanics parameters for [O]O...
Saving statistical mechanics parameters for [O]O...
Loading statistical mechanics parameters for [CH2]C=C(C)C...
Saving statistical mechanics parameters for [CH2]C=C(C)C...
Loading statistical mechanics parameters for OO...
Saving statistical mechanics parameters for OO...
Loading statistical mechanics parameters for TS...
Saving statistical mechanics parameters for TS...
Saving kinetics for CC=C(C)C + [O]O <=> [CH2]C=C(C)C + OO...

CanTherm execution terminated at Fri May  4 14:59:54 2018
CanTherm execution initiated at Fri May  4 15:07:01 2018

###############################################################
#                                                             #
#                          CanTherm                           #
#                                                             #
#   Version: 2.1.0                                            #
#   Authors: RMG Developers (rmg_dev@mit.edu)                 #
#   P.I.s:   William H. Green (whgreen@mit.edu)               #
#            Richard H. West (r.west@neu.edu)                 #
#   Website: http://reactionmechanismgenerator.github.io/     #
#                                                             #
###############################################################

Loading species CC=C(C)C...
Loading species [O]O...
Loading species [CH2]C=C(C)C...
Loading species OO...
Loading transition state TS...
Loading reaction CC=C(C)C+[O]O_[CH2]C=C(C)C+OO...


Loading statistical mechanics parameters for CC=C(C)C...
Saving statistical mechanics parameters for CC=C(C)C...
Loading statistical mechanics parameters for [O]O...
Saving statistical mechanics parameters for [O]O...
Loading statistical mechanics parameters for [CH2]C=C(C)C...
Saving statistical mechanics parameters for [CH2]C=C(C)C...
Loading statistical mechanics parameters for OO...
Saving statistical mechanics parameters for OO...
Loading statistical mechanics parameters for TS...
Saving statistical mechanics parameters for TS...
Saving kinetics for CC=C(C)C + [O]O <=> OO + [CH2]C=C(C)C...

CanTherm execution terminated at Fri May  4 15:07:03 2018
CanTherm execution initiated at Fri May  4 15:29:36 2018

###############################################################
#                                                             #
#                          CanTherm                           #
#                                                             #
#   Version: 2.1.0                                            #
#   Authors: RMG Developers (rmg_dev@mit.edu)                 #
#   P.I.s:   William H. Green (whgreen@mit.edu)               #
#            Richard H. West (r.west@neu.edu)                 #
#   Website: http://reactionmechanismgenerator.github.io/     #
#                                                             #
###############################################################

Loading species CC=C(C)C...
Loading species [O]O...
Loading species [CH2]C=C(C)C...
Loading species OO...
Loading transition state TS...
Loading reaction CC=C(C)C+[O]O_[CH2]C=C(C)C+OO...


Loading statistical mechanics parameters for CC=C(C)C...
Error: The species file ./CC=C(C)C.py was invalid:
CanTherm execution initiated at Fri May  4 15:30:21 2018

###############################################################
#                                                             #
#                          CanTherm                           #
#                                                             #
#   Version: 2.1.0                                            #
#   Authors: RMG Developers (rmg_dev@mit.edu)                 #
#   P.I.s:   William H. Green (whgreen@mit.edu)               #
#            Richard H. West (r.west@neu.edu)                 #
#   Website: http://reactionmechanismgenerator.github.io/     #
#                                                             #
###############################################################

Loading species CC=C(C)C...
Loading species [O]O...
Loading species [CH2]C=C(C)C...
Loading species OO...
Loading transition state TS...
Loading reaction CC=C(C)C+[O]O_[CH2]C=C(C)C+OO...


Loading statistical mechanics parameters for CC=C(C)C...
Saving statistical mechanics parameters for CC=C(C)C...
Loading statistical mechanics parameters for [O]O...
Saving statistical mechanics parameters for [O]O...
Loading statistical mechanics parameters for [CH2]C=C(C)C...
Saving statistical mechanics parameters for [CH2]C=C(C)C...
Loading statistical mechanics parameters for OO...
Saving statistical mechanics parameters for OO...
Loading statistical mechanics parameters for TS...
Saving statistical mechanics parameters for TS...
Saving kinetics for [O]O + CC=C(C)C <=> OO + [CH2]C=C(C)C...

CanTherm execution terminated at Fri May  4 15:30:24 2018
CanTherm execution initiated at Fri May  4 15:45:14 2018

###############################################################
#                                                             #
#                          CanTherm                           #
#                                                             #
#   Version: 2.1.0                                            #
#   Authors: RMG Developers (rmg_dev@mit.edu)                 #
#   P.I.s:   William H. Green (whgreen@mit.edu)               #
#            Richard H. West (r.west@neu.edu)                 #
#   Website: http://reactionmechanismgenerator.github.io/     #
#                                                             #
###############################################################

Loading species CC=C(C)C...
Loading species [O]O...
Loading species [CH2]C=C(C)C...
Loading species OO...
Loading transition state TS...
Loading reaction CC=C(C)C+[O]O_[CH2]C=C(C)C+OO...


Loading statistical mechanics parameters for CC=C(C)C...
Saving statistical mechanics parameters for CC=C(C)C...
Loading statistical mechanics parameters for [O]O...
Saving statistical mechanics parameters for [O]O...
Loading statistical mechanics parameters for [CH2]C=C(C)C...
Saving statistical mechanics parameters for [CH2]C=C(C)C...
Loading statistical mechanics parameters for OO...
Saving statistical mechanics parameters for OO...
Loading statistical mechanics parameters for TS...
Saving statistical mechanics parameters for TS...
Saving kinetics for [O]O + CC=C(C)C <=> OO + [CH2]C=C(C)C...

CanTherm execution terminated at Fri May  4 15:45:17 2018
CanTherm execution initiated at Fri May  4 15:45:57 2018

###############################################################
#                                                             #
#                          CanTherm                           #
#                                                             #
#   Version: 2.1.0                                            #
#   Authors: RMG Developers (rmg_dev@mit.edu)                 #
#   P.I.s:   William H. Green (whgreen@mit.edu)               #
#            Richard H. West (r.west@neu.edu)                 #
#   Website: http://reactionmechanismgenerator.github.io/     #
#                                                             #
###############################################################

Loading species CC=C(C)C...
Loading species [O]O...
Loading species [CH2]C=C(C)C...
Loading species OO...
Loading transition state TS...
Loading reaction CC=C(C)C+[O]O_[CH2]C=C(C)C+OO...


Loading statistical mechanics parameters for CC=C(C)C...
Saving statistical mechanics parameters for CC=C(C)C...
Loading statistical mechanics parameters for [O]O...
Saving statistical mechanics parameters for [O]O...
Loading statistical mechanics parameters for [CH2]C=C(C)C...
Saving statistical mechanics parameters for [CH2]C=C(C)C...
Loading statistical mechanics parameters for OO...
Saving statistical mechanics parameters for OO...
Loading statistical mechanics parameters for TS...
Saving statistical mechanics parameters for TS...
Saving kinetics for [O]O + CC=C(C)C <=> OO + [CH2]C=C(C)C...

CanTherm execution terminated at Fri May  4 15:45:59 2018
CanTherm execution initiated at Fri May  4 15:46:37 2018

###############################################################
#                                                             #
#                          CanTherm                           #
#                                                             #
#   Version: 2.1.0                                            #
#   Authors: RMG Developers (rmg_dev@mit.edu)                 #
#   P.I.s:   William H. Green (whgreen@mit.edu)               #
#            Richard H. West (r.west@neu.edu)                 #
#   Website: http://reactionmechanismgenerator.github.io/     #
#                                                             #
###############################################################

Loading species CC=C(C)C...
Loading species [O]O...
Loading species [CH2]C=C(C)C...
Loading species OO...
Loading transition state TS...
Loading reaction CC=C(C)C+[O]O_[CH2]C=C(C)C+OO...


Loading statistical mechanics parameters for CC=C(C)C...
Saving statistical mechanics parameters for CC=C(C)C...
Loading statistical mechanics parameters for [O]O...
Saving statistical mechanics parameters for [O]O...
Loading statistical mechanics parameters for [CH2]C=C(C)C...
Saving statistical mechanics parameters for [CH2]C=C(C)C...
Loading statistical mechanics parameters for OO...
Saving statistical mechanics parameters for OO...
Loading statistical mechanics parameters for TS...
Saving statistical mechanics parameters for TS...
Saving kinetics for [O]O + CC=C(C)C <=> [CH2]C=C(C)C + OO...

CanTherm execution terminated at Fri May  4 15:46:39 2018
CanTherm execution initiated at Fri May  4 15:46:40 2018

###############################################################
#                                                             #
#                          CanTherm                           #
#                                                             #
#   Version: 2.1.0                                            #
#   Authors: RMG Developers (rmg_dev@mit.edu)                 #
#   P.I.s:   William H. Green (whgreen@mit.edu)               #
#            Richard H. West (r.west@neu.edu)                 #
#   Website: http://reactionmechanismgenerator.github.io/     #
#                                                             #
###############################################################

Loading species CC=C(C)C...
Loading species [O]O...
Loading species [CH2]C=C(C)C...
Loading species OO...
Loading transition state TS...
Loading reaction CC=C(C)C+[O]O_[CH2]C=C(C)C+OO...


Loading statistical mechanics parameters for CC=C(C)C...
Saving statistical mechanics parameters for CC=C(C)C...
Loading statistical mechanics parameters for [O]O...
Saving statistical mechanics parameters for [O]O...
Loading statistical mechanics parameters for [CH2]C=C(C)C...
Saving statistical mechanics parameters for [CH2]C=C(C)C...
Loading statistical mechanics parameters for OO...
Saving statistical mechanics parameters for OO...
Loading statistical mechanics parameters for TS...
Saving statistical mechanics parameters for TS...
Saving kinetics for CC=C(C)C + [O]O <=> OO + [CH2]C=C(C)C...

CanTherm execution terminated at Fri May  4 15:46:42 2018
CanTherm execution initiated at Fri May  4 15:47:20 2018

###############################################################
#                                                             #
#                          CanTherm                           #
#                                                             #
#   Version: 2.1.0                                            #
#   Authors: RMG Developers (rmg_dev@mit.edu)                 #
#   P.I.s:   William H. Green (whgreen@mit.edu)               #
#            Richard H. West (r.west@neu.edu)                 #
#   Website: http://reactionmechanismgenerator.github.io/     #
#                                                             #
###############################################################

Loading species CC=C(C)C...
Loading species [O]O...
Loading species [CH2]C=C(C)C...
Loading species OO...
Loading transition state TS...
Loading reaction CC=C(C)C+[O]O_[CH2]C=C(C)C+OO...


Loading statistical mechanics parameters for CC=C(C)C...
Saving statistical mechanics parameters for CC=C(C)C...
Loading statistical mechanics parameters for [O]O...
Saving statistical mechanics parameters for [O]O...
Loading statistical mechanics parameters for [CH2]C=C(C)C...
Saving statistical mechanics parameters for [CH2]C=C(C)C...
Loading statistical mechanics parameters for OO...
Saving statistical mechanics parameters for OO...
Loading statistical mechanics parameters for TS...
Saving statistical mechanics parameters for TS...
Saving kinetics for [O]O + CC=C(C)C <=> [CH2]C=C(C)C + OO...

CanTherm execution terminated at Fri May  4 15:47:22 2018
CanTherm execution initiated at Fri May  4 15:47:22 2018

###############################################################
#                                                             #
#                          CanTherm                           #
#                                                             #
#   Version: 2.1.0                                            #
#   Authors: RMG Developers (rmg_dev@mit.edu)                 #
#   P.I.s:   William H. Green (whgreen@mit.edu)               #
#            Richard H. West (r.west@neu.edu)                 #
#   Website: http://reactionmechanismgenerator.github.io/     #
#                                                             #
###############################################################

Loading species CC=C(C)C...
Loading species [O]O...
Loading species [CH2]C=C(C)C...
Loading species OO...
Loading transition state TS...
Loading reaction CC=C(C)C+[O]O_[CH2]C=C(C)C+OO...


Loading statistical mechanics parameters for CC=C(C)C...
Saving statistical mechanics parameters for CC=C(C)C...
Loading statistical mechanics parameters for [O]O...
Saving statistical mechanics parameters for [O]O...
Loading statistical mechanics parameters for [CH2]C=C(C)C...
Saving statistical mechanics parameters for [CH2]C=C(C)C...
Loading statistical mechanics parameters for OO...
Saving statistical mechanics parameters for OO...
Loading statistical mechanics parameters for TS...
Saving statistical mechanics parameters for TS...
Saving kinetics for CC=C(C)C + [O]O <=> OO + [CH2]C=C(C)C...

CanTherm execution terminated at Fri May  4 15:47:24 2018
CanTherm execution initiated at Fri May  4 15:49:06 2018

###############################################################
#                                                             #
#                          CanTherm                           #
#                                                             #
#   Version: 2.1.0                                            #
#   Authors: RMG Developers (rmg_dev@mit.edu)                 #
#   P.I.s:   William H. Green (whgreen@mit.edu)               #
#            Richard H. West (r.west@neu.edu)                 #
#   Website: http://reactionmechanismgenerator.github.io/     #
#                                                             #
###############################################################

Loading species CC=C(C)C...
Loading species [O]O...
Loading species [CH2]C=C(C)C...
Loading species OO...
Loading transition state TS...
Loading reaction CC=C(C)C+[O]O_[CH2]C=C(C)C+OO...


Loading statistical mechanics parameters for CC=C(C)C...
Saving statistical mechanics parameters for CC=C(C)C...
Loading statistical mechanics parameters for [O]O...
Saving statistical mechanics parameters for [O]O...
Loading statistical mechanics parameters for [CH2]C=C(C)C...
Saving statistical mechanics parameters for [CH2]C=C(C)C...
Loading statistical mechanics parameters for OO...
Saving statistical mechanics parameters for OO...
Loading statistical mechanics parameters for TS...
Saving statistical mechanics parameters for TS...
Saving kinetics for [O]O + CC=C(C)C <=> [CH2]C=C(C)C + OO...

CanTherm execution terminated at Fri May  4 15:49:08 2018
CanTherm execution initiated at Fri May  4 15:49:09 2018

###############################################################
#                                                             #
#                          CanTherm                           #
#                                                             #
#   Version: 2.1.0                                            #
#   Authors: RMG Developers (rmg_dev@mit.edu)                 #
#   P.I.s:   William H. Green (whgreen@mit.edu)               #
#            Richard H. West (r.west@neu.edu)                 #
#   Website: http://reactionmechanismgenerator.github.io/     #
#                                                             #
###############################################################

Loading species CC=C(C)C...
Loading species [O]O...
Loading species [CH2]C=C(C)C...
Loading species OO...
Loading transition state TS...
Loading reaction CC=C(C)C+[O]O_[CH2]C=C(C)C+OO...


Loading statistical mechanics parameters for CC=C(C)C...
Saving statistical mechanics parameters for CC=C(C)C...
Loading statistical mechanics parameters for [O]O...
Saving statistical mechanics parameters for [O]O...
Loading statistical mechanics parameters for [CH2]C=C(C)C...
Saving statistical mechanics parameters for [CH2]C=C(C)C...
Loading statistical mechanics parameters for OO...
Saving statistical mechanics parameters for OO...
Loading statistical mechanics parameters for TS...
Saving statistical mechanics parameters for TS...
Saving kinetics for CC=C(C)C + [O]O <=> OO + [CH2]C=C(C)C...

CanTherm execution terminated at Fri May  4 15:49:11 2018
Warning: Should only make one instance of RMGDatabase because it's stored as a module-level variable!
Warning: Unexpected behaviour may result!
Loading thermodynamics library from primaryThermoLibrary.py in /Users/nathan/Code/RMG-Py/../RMG-database/input/thermo/libraries...
Loading thermodynamics library from thermo_DFT_CCSDTF12_BAC.py in /Users/nathan/Code/RMG-Py/../RMG-database/input/thermo/libraries...
Loading thermodynamics library from CBS_QB3_1dHR.py in /Users/nathan/Code/RMG-Py/../RMG-database/input/thermo/libraries...
Loading thermodynamics group database from /Users/nathan/Code/RMG-Py/../RMG-database/input/thermo/groups...
Loading transport group database from /Users/nathan/Code/RMG-Py/../RMG-database/input/transport/groups...
Loading the user-specified kinetics families from /Users/nathan/Code/RMG-Py/../RMG-database/input/kinetics/families
Loading frequencies group database from /Users/nathan/Code/RMG-Py/../RMG-database/input/statmech/groups...
Loading transitions state family groups from /Users/nathan/Code/RMG-Py/../AutoTST/database/H_Abstraction/TS_groups.py
The distance data is as follows: 
DistanceData(distances={'d12': 1.322228,'d13': 2.547443,'d23': 1.235329,}, uncertainties={'d12': 0.368943,'d13': 0.209844,'d23': 0.312795,}, comment=u'Matched node C/H3/Cd ([<Entry index=119 label="C/H3/Cd">, <Entry index=210 label="Csj/Ct/H2">])\nMatched node OjO ([<Entry index=126 label="C/H2/Cd/Cd">, <Entry index=32 label="OjO">])\n')
The labled atoms are [4, 9, 0].
Initially embedded molecule
Editing bounds matrix
For atoms 4 and 9 we have a distance of: 	 1.322228
For atoms 9 and 0 we have a distance of: 	 1.235329
For atoms 4 and 0 we have a distance of: 	 2.547443
Changing lower limit 3.65 to 3.31857083943
Changing lower limit 2.537443 to 2.477557
Changing lower limit 2.9 to 2.471329
Performing triangle smoothing on bounds matrix.
Now attempting to embed using edited bounds matrix.
CanTherm execution initiated at Sat May  5 10:34:22 2018

###############################################################
#                                                             #
#                          CanTherm                           #
#                                                             #
#   Version: 2.1.0                                            #
#   Authors: RMG Developers (rmg_dev@mit.edu)                 #
#   P.I.s:   William H. Green (whgreen@mit.edu)               #
#            Richard H. West (r.west@neu.edu)                 #
#   Website: http://reactionmechanismgenerator.github.io/     #
#                                                             #
###############################################################

Loading species CC=C(C)C...
Loading species [O]O...
Loading species [CH2]C=C(C)C...
Loading species OO...
Loading transition state TS...
Loading reaction CC=C(C)C+[O]O_[CH2]C=C(C)C+OO...


Loading statistical mechanics parameters for CC=C(C)C...
Saving statistical mechanics parameters for CC=C(C)C...
Loading statistical mechanics parameters for [O]O...
Saving statistical mechanics parameters for [O]O...
Loading statistical mechanics parameters for [CH2]C=C(C)C...
Saving statistical mechanics parameters for [CH2]C=C(C)C...
Loading statistical mechanics parameters for OO...
Saving statistical mechanics parameters for OO...
Loading statistical mechanics parameters for TS...
Saving statistical mechanics parameters for TS...
Saving kinetics for [O]O + CC=C(C)C <=> [CH2]C=C(C)C + OO...

CanTherm execution terminated at Sat May  5 10:34:24 2018
CanTherm execution initiated at Sat May  5 10:36:54 2018

###############################################################
#                                                             #
#                          CanTherm                           #
#                                                             #
#   Version: 2.1.0                                            #
#   Authors: RMG Developers (rmg_dev@mit.edu)                 #
#   P.I.s:   William H. Green (whgreen@mit.edu)               #
#            Richard H. West (r.west@neu.edu)                 #
#   Website: http://reactionmechanismgenerator.github.io/     #
#                                                             #
###############################################################

Loading species CC=C(C)C...
Loading species [O]O...
Loading species [CH2]C=C(C)C...
Loading species OO...
Loading transition state TS...
Loading reaction CC=C(C)C+[O]O_[CH2]C=C(C)C+OO...


Loading statistical mechanics parameters for CC=C(C)C...
Saving statistical mechanics parameters for CC=C(C)C...
Loading statistical mechanics parameters for [O]O...
Saving statistical mechanics parameters for [O]O...
Loading statistical mechanics parameters for [CH2]C=C(C)C...
Saving statistical mechanics parameters for [CH2]C=C(C)C...
Loading statistical mechanics parameters for OO...
Saving statistical mechanics parameters for OO...
Loading statistical mechanics parameters for TS...
Saving statistical mechanics parameters for TS...
Saving kinetics for [O]O + CC=C(C)C <=> OO + [CH2]C=C(C)C...

CanTherm execution terminated at Sat May  5 10:36:56 2018
CanTherm execution initiated at Sat May  5 10:37:31 2018

###############################################################
#                                                             #
#                          CanTherm                           #
#                                                             #
#   Version: 2.1.0                                            #
#   Authors: RMG Developers (rmg_dev@mit.edu)                 #
#   P.I.s:   William H. Green (whgreen@mit.edu)               #
#            Richard H. West (r.west@neu.edu)                 #
#   Website: http://reactionmechanismgenerator.github.io/     #
#                                                             #
###############################################################

Loading species CC=C(C)C...
Loading species [O]O...
Loading species [CH2]C=C(C)C...
Loading species OO...
Loading transition state TS...
Loading reaction CC=C(C)C+[O]O_[CH2]C=C(C)C+OO...


Loading statistical mechanics parameters for CC=C(C)C...
Saving statistical mechanics parameters for CC=C(C)C...
Loading statistical mechanics parameters for [O]O...
Saving statistical mechanics parameters for [O]O...
Loading statistical mechanics parameters for [CH2]C=C(C)C...
Saving statistical mechanics parameters for [CH2]C=C(C)C...
Loading statistical mechanics parameters for OO...
Saving statistical mechanics parameters for OO...
Loading statistical mechanics parameters for TS...
Saving statistical mechanics parameters for TS...
Saving kinetics for [O]O + CC=C(C)C <=> [CH2]C=C(C)C + OO...

CanTherm execution terminated at Sat May  5 10:37:33 2018
CanTherm execution initiated at Sat May  5 10:37:35 2018

###############################################################
#                                                             #
#                          CanTherm                           #
#                                                             #
#   Version: 2.1.0                                            #
#   Authors: RMG Developers (rmg_dev@mit.edu)                 #
#   P.I.s:   William H. Green (whgreen@mit.edu)               #
#            Richard H. West (r.west@neu.edu)                 #
#   Website: http://reactionmechanismgenerator.github.io/     #
#                                                             #
###############################################################

Loading species CC=C(C)C...
Loading species [O]O...
Loading species [CH2]C=C(C)C...
Loading species OO...
Loading transition state TS...
Loading reaction CC=C(C)C+[O]O_[CH2]C=C(C)C+OO...


Loading statistical mechanics parameters for CC=C(C)C...
Saving statistical mechanics parameters for CC=C(C)C...
Loading statistical mechanics parameters for [O]O...
Saving statistical mechanics parameters for [O]O...
Loading statistical mechanics parameters for [CH2]C=C(C)C...
Saving statistical mechanics parameters for [CH2]C=C(C)C...
Loading statistical mechanics parameters for OO...
Saving statistical mechanics parameters for OO...
Loading statistical mechanics parameters for TS...
Saving statistical mechanics parameters for TS...
Saving kinetics for CC=C(C)C + [O]O <=> OO + [CH2]C=C(C)C...

CanTherm execution terminated at Sat May  5 10:37:38 2018
Warning: Should only make one instance of RMGDatabase because it's stored as a module-level variable!
Warning: Unexpected behaviour may result!
Loading thermodynamics library from primaryThermoLibrary.py in /Users/nathan/Code/RMG-Py/../RMG-database/input/thermo/libraries...
Loading thermodynamics library from thermo_DFT_CCSDTF12_BAC.py in /Users/nathan/Code/RMG-Py/../RMG-database/input/thermo/libraries...
Loading thermodynamics library from CBS_QB3_1dHR.py in /Users/nathan/Code/RMG-Py/../RMG-database/input/thermo/libraries...
Loading thermodynamics group database from /Users/nathan/Code/RMG-Py/../RMG-database/input/thermo/groups...
Loading transport group database from /Users/nathan/Code/RMG-Py/../RMG-database/input/transport/groups...
Loading the user-specified kinetics families from /Users/nathan/Code/RMG-Py/../RMG-database/input/kinetics/families
Loading frequencies group database from /Users/nathan/Code/RMG-Py/../RMG-database/input/statmech/groups...
Loading transitions state family groups from /Users/nathan/Code/RMG-Py/../AutoTST/database/H_Abstraction/TS_groups.py
The distance data is as follows: 
DistanceData(distances={'d12': 1.322228,'d13': 2.547443,'d23': 1.235329,}, uncertainties={'d12': 0.368943,'d13': 0.209844,'d23': 0.312795,}, comment=u'Matched node C/H3/Cd ([<Entry index=119 label="C/H3/Cd">, <Entry index=210 label="Csj/Ct/H2">])\nMatched node OjO ([<Entry index=126 label="C/H2/Cd/Cd">, <Entry index=32 label="OjO">])\n')
The labled atoms are [4, 9, 0].
Initially embedded molecule
Editing bounds matrix
For atoms 4 and 9 we have a distance of: 	 1.322228
For atoms 9 and 0 we have a distance of: 	 1.235329
For atoms 4 and 0 we have a distance of: 	 2.547443
Changing lower limit 3.65 to 3.31857083943
Changing lower limit 2.537443 to 2.477557
Changing lower limit 2.9 to 2.471329
Performing triangle smoothing on bounds matrix.
Now attempting to embed using edited bounds matrix.
CanTherm execution initiated at Sat May  5 19:48:08 2018

###############################################################
#                                                             #
#                          CanTherm                           #
#                                                             #
#   Version: 2.1.0                                            #
#   Authors: RMG Developers (rmg_dev@mit.edu)                 #
#   P.I.s:   William H. Green (whgreen@mit.edu)               #
#            Richard H. West (r.west@neu.edu)                 #
#   Website: http://reactionmechanismgenerator.github.io/     #
#                                                             #
###############################################################

Loading species CC=C(C)C...
Loading species [O]O...
Loading species [CH2]C=C(C)C...
Loading species OO...
Loading transition state TS...
Loading reaction CC=C(C)C+[O]O_[CH2]C=C(C)C+OO...


Loading statistical mechanics parameters for CC=C(C)C...
Saving statistical mechanics parameters for CC=C(C)C...
Loading statistical mechanics parameters for [O]O...
Saving statistical mechanics parameters for [O]O...
Loading statistical mechanics parameters for [CH2]C=C(C)C...
Saving statistical mechanics parameters for [CH2]C=C(C)C...
Loading statistical mechanics parameters for OO...
Saving statistical mechanics parameters for OO...
Loading statistical mechanics parameters for TS...
Saving statistical mechanics parameters for TS...
Saving kinetics for CC=C(C)C + [O]O <=> [CH2]C=C(C)C + OO...

CanTherm execution terminated at Sat May  5 19:48:12 2018
CanTherm execution initiated at Sat May  5 19:48:14 2018

###############################################################
#                                                             #
#                          CanTherm                           #
#                                                             #
#   Version: 2.1.0                                            #
#   Authors: RMG Developers (rmg_dev@mit.edu)                 #
#   P.I.s:   William H. Green (whgreen@mit.edu)               #
#            Richard H. West (r.west@neu.edu)                 #
#   Website: http://reactionmechanismgenerator.github.io/     #
#                                                             #
###############################################################

Loading species CC=C(C)C...
Loading species [O]O...
Loading species [CH2]C=C(C)C...
Loading species OO...
Loading transition state TS...
Loading reaction CC=C(C)C+[O]O_[CH2]C=C(C)C+OO...


Loading statistical mechanics parameters for CC=C(C)C...
Saving statistical mechanics parameters for CC=C(C)C...
Loading statistical mechanics parameters for [O]O...
Saving statistical mechanics parameters for [O]O...
Loading statistical mechanics parameters for [CH2]C=C(C)C...
Saving statistical mechanics parameters for [CH2]C=C(C)C...
Loading statistical mechanics parameters for OO...
Saving statistical mechanics parameters for OO...
Loading statistical mechanics parameters for TS...
Saving statistical mechanics parameters for TS...
Saving kinetics for [O]O + CC=C(C)C <=> [CH2]C=C(C)C + OO...

CanTherm execution terminated at Sat May  5 19:48:18 2018
Warning: Should only make one instance of RMGDatabase because it's stored as a module-level variable!
Warning: Unexpected behaviour may result!
Loading thermodynamics library from primaryThermoLibrary.py in /Users/nathan/Code/RMG-Py/../RMG-database/input/thermo/libraries...
Loading thermodynamics library from thermo_DFT_CCSDTF12_BAC.py in /Users/nathan/Code/RMG-Py/../RMG-database/input/thermo/libraries...
Loading thermodynamics library from CBS_QB3_1dHR.py in /Users/nathan/Code/RMG-Py/../RMG-database/input/thermo/libraries...
Loading thermodynamics group database from /Users/nathan/Code/RMG-Py/../RMG-database/input/thermo/groups...
Loading transport group database from /Users/nathan/Code/RMG-Py/../RMG-database/input/transport/groups...
Loading the user-specified kinetics families from /Users/nathan/Code/RMG-Py/../RMG-database/input/kinetics/families
Loading frequencies group database from /Users/nathan/Code/RMG-Py/../RMG-database/input/statmech/groups...
Loading transitions state family groups from /Users/nathan/Code/RMG-Py/../AutoTST/database/H_Abstraction/TS_groups.py
The distance data is as follows: 
DistanceData(distances={'d12': 1.322228,'d13': 2.547443,'d23': 1.235329,}, uncertainties={'d12': 0.368943,'d13': 0.209844,'d23': 0.312795,}, comment=u'Matched node C/H3/Cd ([<Entry index=119 label="C/H3/Cd">, <Entry index=210 label="Csj/Ct/H2">])\nMatched node OjO ([<Entry index=126 label="C/H2/Cd/Cd">, <Entry index=32 label="OjO">])\n')
The labled atoms are [4, 9, 0].
Initially embedded molecule
Editing bounds matrix
For atoms 4 and 9 we have a distance of: 	 1.322228
For atoms 9 and 0 we have a distance of: 	 1.235329
For atoms 4 and 0 we have a distance of: 	 2.547443
Changing lower limit 3.65 to 3.31857083943
Changing lower limit 2.537443 to 2.477557
Changing lower limit 2.9 to 2.471329
Performing triangle smoothing on bounds matrix.
Now attempting to embed using edited bounds matrix.
CanTherm execution initiated at Tue May  8 20:00:56 2018

###############################################################
#                                                             #
#                          CanTherm                           #
#                                                             #
#   Version: 2.1.0                                            #
#   Authors: RMG Developers (rmg_dev@mit.edu)                 #
#   P.I.s:   William H. Green (whgreen@mit.edu)               #
#            Richard H. West (r.west@neu.edu)                 #
#   Website: http://reactionmechanismgenerator.github.io/     #
#                                                             #
###############################################################

Loading species CC=C(C)C...
Loading species [O]O...
Loading species [CH2]C=C(C)C...
Loading species OO...
Loading transition state TS...
Loading reaction CC=C(C)C+[O]O_[CH2]C=C(C)C+OO...


Loading statistical mechanics parameters for CC=C(C)C...
Saving statistical mechanics parameters for CC=C(C)C...
Loading statistical mechanics parameters for [O]O...
Saving statistical mechanics parameters for [O]O...
Loading statistical mechanics parameters for [CH2]C=C(C)C...
Saving statistical mechanics parameters for [CH2]C=C(C)C...
Loading statistical mechanics parameters for OO...
Saving statistical mechanics parameters for OO...
Loading statistical mechanics parameters for TS...
Saving statistical mechanics parameters for TS...
Saving kinetics for [O]O + CC=C(C)C <=> [CH2]C=C(C)C + OO...

CanTherm execution terminated at Tue May  8 20:00:58 2018
CanTherm execution initiated at Tue May  8 20:00:59 2018

###############################################################
#                                                             #
#                          CanTherm                           #
#                                                             #
#   Version: 2.1.0                                            #
#   Authors: RMG Developers (rmg_dev@mit.edu)                 #
#   P.I.s:   William H. Green (whgreen@mit.edu)               #
#            Richard H. West (r.west@neu.edu)                 #
#   Website: http://reactionmechanismgenerator.github.io/     #
#                                                             #
###############################################################

Loading species CC=C(C)C...
Loading species [O]O...
Loading species [CH2]C=C(C)C...
Loading species OO...
Loading transition state TS...
Loading reaction CC=C(C)C+[O]O_[CH2]C=C(C)C+OO...


Loading statistical mechanics parameters for CC=C(C)C...
Saving statistical mechanics parameters for CC=C(C)C...
Loading statistical mechanics parameters for [O]O...
Saving statistical mechanics parameters for [O]O...
Loading statistical mechanics parameters for [CH2]C=C(C)C...
Saving statistical mechanics parameters for [CH2]C=C(C)C...
Loading statistical mechanics parameters for OO...
Saving statistical mechanics parameters for OO...
Loading statistical mechanics parameters for TS...
Saving statistical mechanics parameters for TS...
Saving kinetics for CC=C(C)C + [O]O <=> OO + [CH2]C=C(C)C...

CanTherm execution terminated at Tue May  8 20:01:01 2018
