CanTherm execution initiated at Wed May  9 01:44:25 2018

###############################################################
#                                                             #
#                          CanTherm                           #
#                                                             #
#   Version: 2.1.0                                            #
#   Authors: RMG Developers (rmg_dev@mit.edu)                 #
#   P.I.s:   William H. Green (whgreen@mit.edu)               #
#            Richard H. West (r.west@neu.edu)                 #
#   Website: http://reactionmechanismgenerator.github.io/     #
#                                                             #
###############################################################

Loading species CCCC...
Loading species [O]O...
Loading species [CH2]CCC...
Loading species OO...
Loading transition state TS...
Loading reaction CCCC+[O]O_[CH2]CCC+OO...


Loading statistical mechanics parameters for CCCC...
Saving statistical mechanics parameters for CCCC...
Loading statistical mechanics parameters for [O]O...
Saving statistical mechanics parameters for [O]O...
Loading statistical mechanics parameters for [CH2]CCC...
Saving statistical mechanics parameters for [CH2]CCC...
Loading statistical mechanics parameters for OO...
Saving statistical mechanics parameters for OO...
Loading statistical mechanics parameters for TS...
Saving statistical mechanics parameters for TS...
Saving kinetics for CCCC + [O]O <=> OO + [CH2]CCC...

CanTherm execution terminated at Wed May  9 01:44:27 2018
Reaction(label='CCCC+[O]O_[CH2]CCC+OO', reactants=[Species(label="CCCC", conformer=Conformer(E0=(-115.859,'kJ/mol'), modes=[IdealGasTranslation(mass=(58.0782,'amu')), NonlinearRotor(inertia=([21.4646,137.993,147.042],'amu*angstrom^2'), symmetry=1), HarmonicOscillator(frequencies=([81.3505,175.901,219.522,247.71,421.12,706.403,786.204,834.78,932.102,955.662,1019.78,1065.95,1152.62,1182.86,1259.95,1291.53,1304.02,1367.73,1381.11,1383.68,1459.61,1463.3,1471.45,1472.75,1477.84,1483.97,2967.39,2974.29,2977.37,2979.17,2992.3,3013.19,3043.98,3047.29,3052.1,3052.64],'cm^-1'))]), molecule=[Molecule(SMILES="CCCC")]), Species(label="[O]O", conformer=Conformer(E0=(18.538,'kJ/mol'), modes=[IdealGasTranslation(mass=(32.9977,'amu')), NonlinearRotor(inertia=([0.800947,14.5111,15.3121],'amu*angstrom^2'), symmetry=1), HarmonicOscillator(frequencies=([1245.9,1447.19,3645.15],'cm^-1'))], spinMultiplicity=2), molecule=[Molecule(SMILES="[O]O")])], products=[Species(label="OO", conformer=Conformer(E0=(-122.037,'kJ/mol'), modes=[IdealGasTranslation(mass=(34.0055,'amu')), NonlinearRotor(inertia=([1.63801,18.4022,19.029],'amu*angstrom^2'), symmetry=1), HarmonicOscillator(frequencies=([378.093,1029.14,1344.99,1458.5,3786.54,3787.27],'cm^-1'))]), molecule=[Molecule(SMILES="OO")]), Species(label="[CH2]CCC", conformer=Conformer(E0=(87.2419,'kJ/mol'), modes=[IdealGasTranslation(mass=(57.0704,'amu')), NonlinearRotor(inertia=([36.6493,99.7332,116.486],'amu*angstrom^2'), symmetry=1), HarmonicOscillator(frequencies=([135.441,201.312,234.394,312.393,422.137,482.541,760.234,808.018,841.202,939.432,986.192,1055.08,1090.85,1162.69,1213.3,1270.64,1339.84,1351.07,1387.12,1437.6,1448.05,1468.13,1475.61,1481.6,2924.38,2986.55,2989,3003.16,3025.57,3058.57,3061.73,3103.82,3203.51],'cm^-1'))], spinMultiplicity=2), molecule=[Molecule(SMILES="[CH2]CCC")])], kinetics=Arrhenius(A=(0.000209918,'cm^3/(mol*s)'), n=4.49039, Ea=(61.723,'kJ/mol'), T0=(1,'K'), Tmin=(303.03,'K'), Tmax=(2500,'K'), comment="""Fitted to 59 data points; dA = *|/ 1.33262, dn = +|- 0.0376855, dEa = +|- 0.207308 kJ/mol"""), transitionState=TransitionState(label="TS", conformer=Conformer(E0=(-16.7309,'kJ/mol'), modes=[IdealGasTranslation(mass=(91.0759,'amu')), NonlinearRotor(inertia=([106.396,313.345,381.784],'amu*angstrom^2'), symmetry=1), HarmonicOscillator(frequencies=([54.4589,94.5711,117.176,159.336,179.205,233.677,268.316,380.694,435.194,560.124,600.932,732.216,812.529,837.387,932.791,964.529,1027.98,1059.81,1064.43,1117.67,1171.81,1195.77,1244.1,1289.19,1309.87,1369.82,1391.98,1408.83,1432.79,1435.55,1452.55,1475.86,1479.95,1490.28,2940.41,2989.91,2994.75,3014.2,3032.82,3041.07,3063.83,3073.12,3126.63,3749.28],'cm^-1'))], spinMultiplicity=2), frequency=(-1841.31,'cm^-1'), tunneling=Eckart(frequency=(-1841.31,'cm^-1'), E0_reac=(-97.3214,'kJ/mol'), E0_TS=(-16.7309,'kJ/mol'), E0_prod=(-34.795,'kJ/mol'))))
