CanTherm execution initiated at Fri Jun 15 10:07:20 2018

###############################################################
#                                                             #
#                          CanTherm                           #
#                                                             #
#   Version: 2.1.9                                            #
#   Authors: RMG Developers (rmg_dev@mit.edu)                 #
#   P.I.s:   William H. Green (whgreen@mit.edu)               #
#            Richard H. West (r.west@neu.edu)                 #
#   Website: http://reactionmechanismgenerator.github.io/     #
#                                                             #
###############################################################

CanTherm execution initiated at Fri Jun 15 10:10:50 2018

###############################################################
#                                                             #
#                          CanTherm                           #
#                                                             #
#   Version: 2.1.9                                            #
#   Authors: RMG Developers (rmg_dev@mit.edu)                 #
#   P.I.s:   William H. Green (whgreen@mit.edu)               #
#            Richard H. West (r.west@neu.edu)                 #
#   Website: http://reactionmechanismgenerator.github.io/     #
#                                                             #
###############################################################

Loading species CC=C(C)C...
Loading species [O]O...
Loading species [CH2]C=C(C)C...
Loading species OO...
Loading transition state TS...
Loading reaction CC=C(C)C+[O]O_[CH2]C=C(C)C+OO...


Loading statistical mechanics parameters for CC=C(C)C...
CanTherm execution initiated at Fri Jun 15 10:16:12 2018

###############################################################
#                                                             #
#                          CanTherm                           #
#                                                             #
#   Version: 2.1.9                                            #
#   Authors: RMG Developers (rmg_dev@mit.edu)                 #
#   P.I.s:   William H. Green (whgreen@mit.edu)               #
#            Richard H. West (r.west@neu.edu)                 #
#   Website: http://reactionmechanismgenerator.github.io/     #
#                                                             #
###############################################################

Loading species CC=C(C)C...
Loading species [O]O...
Loading species [CH2]C=C(C)C...
Loading species OO...
Loading transition state TS...
Loading reaction CC=C(C)C+[O]O_[CH2]C=C(C)C+OO...


Loading statistical mechanics parameters for CC=C(C)C...
CanTherm execution initiated at Fri Jun 15 10:19:41 2018

###############################################################
#                                                             #
#                          CanTherm                           #
#                                                             #
#   Version: 2.1.9                                            #
#   Authors: RMG Developers (rmg_dev@mit.edu)                 #
#   P.I.s:   William H. Green (whgreen@mit.edu)               #
#            Richard H. West (r.west@neu.edu)                 #
#   Website: http://reactionmechanismgenerator.github.io/     #
#                                                             #
###############################################################

Loading species CC=C(C)C...
Loading species [O]O...
Loading species [CH2]C=C(C)C...
Loading species OO...
Loading transition state TS...
Loading reaction CC=C(C)C+[O]O_[CH2]C=C(C)C+OO...


Loading statistical mechanics parameters for CC=C(C)C...
Saving statistical mechanics parameters for CC=C(C)C...
Loading statistical mechanics parameters for [O]O...
Saving statistical mechanics parameters for [O]O...
Loading statistical mechanics parameters for [CH2]C=C(C)C...
Saving statistical mechanics parameters for [CH2]C=C(C)C...
Loading statistical mechanics parameters for OO...
Saving statistical mechanics parameters for OO...
Loading statistical mechanics parameters for TS...
Saving statistical mechanics parameters for TS...
Saving kinetics for CC=C(C)C + [O]O <=> OO + [CH2]C=C(C)C...
